Started GET "/" for 127.0.0.1 at 2021-03-26 22:31:41 +0700
  
ActiveRecord::NoDatabaseError (FATAL:  database "demo_development" does not exist
):
  
activerecord (6.1.3) lib/active_record/connection_adapters/postgresql_adapter.rb:81:in `rescue in new_client'
activerecord (6.1.3) lib/active_record/connection_adapters/postgresql_adapter.rb:77:in `new_client'
activerecord (6.1.3) lib/active_record/connection_adapters/postgresql_adapter.rb:37:in `postgresql_connection'
activerecord (6.1.3) lib/active_record/connection_adapters/abstract/connection_pool.rb:882:in `public_send'
activerecord (6.1.3) lib/active_record/connection_adapters/abstract/connection_pool.rb:882:in `new_connection'
activerecord (6.1.3) lib/active_record/connection_adapters/abstract/connection_pool.rb:926:in `checkout_new_connection'
activerecord (6.1.3) lib/active_record/connection_adapters/abstract/connection_pool.rb:905:in `try_to_checkout_new_connection'
activerecord (6.1.3) lib/active_record/connection_adapters/abstract/connection_pool.rb:866:in `acquire_connection'
activerecord (6.1.3) lib/active_record/connection_adapters/abstract/connection_pool.rb:588:in `checkout'
activerecord (6.1.3) lib/active_record/connection_adapters/abstract/connection_pool.rb:428:in `connection'
activerecord (6.1.3) lib/active_record/connection_adapters/abstract/connection_pool.rb:1128:in `retrieve_connection'
activerecord (6.1.3) lib/active_record/connection_handling.rb:327:in `retrieve_connection'
activerecord (6.1.3) lib/active_record/connection_handling.rb:283:in `connection'
activerecord (6.1.3) lib/active_record/migration.rb:611:in `connection'
activerecord (6.1.3) lib/active_record/migration.rb:606:in `build_watcher'
activerecord (6.1.3) lib/active_record/migration.rb:588:in `block in call'
activerecord (6.1.3) lib/active_record/migration.rb:587:in `synchronize'
activerecord (6.1.3) lib/active_record/migration.rb:587:in `call'
actionpack (6.1.3) lib/action_dispatch/middleware/callbacks.rb:27:in `block in call'
activesupport (6.1.3) lib/active_support/callbacks.rb:98:in `run_callbacks'
actionpack (6.1.3) lib/action_dispatch/middleware/callbacks.rb:26:in `call'
actionpack (6.1.3) lib/action_dispatch/middleware/executor.rb:14:in `call'
actionpack (6.1.3) lib/action_dispatch/middleware/actionable_exceptions.rb:18:in `call'
actionpack (6.1.3) lib/action_dispatch/middleware/debug_exceptions.rb:29:in `call'
web-console (4.1.0) lib/web_console/middleware.rb:132:in `call_app'
web-console (4.1.0) lib/web_console/middleware.rb:28:in `block in call'
web-console (4.1.0) lib/web_console/middleware.rb:17:in `catch'
web-console (4.1.0) lib/web_console/middleware.rb:17:in `call'
actionpack (6.1.3) lib/action_dispatch/middleware/show_exceptions.rb:33:in `call'
railties (6.1.3) lib/rails/rack/logger.rb:37:in `call_app'
railties (6.1.3) lib/rails/rack/logger.rb:26:in `block in call'
activesupport (6.1.3) lib/active_support/tagged_logging.rb:99:in `block in tagged'
activesupport (6.1.3) lib/active_support/tagged_logging.rb:37:in `tagged'
activesupport (6.1.3) lib/active_support/tagged_logging.rb:99:in `tagged'
railties (6.1.3) lib/rails/rack/logger.rb:26:in `call'
sprockets-rails (3.2.2) lib/sprockets/rails/quiet_assets.rb:13:in `call'
actionpack (6.1.3) lib/action_dispatch/middleware/remote_ip.rb:81:in `call'
actionpack (6.1.3) lib/action_dispatch/middleware/request_id.rb:26:in `call'
rack (2.2.3) lib/rack/method_override.rb:24:in `call'
rack (2.2.3) lib/rack/runtime.rb:22:in `call'
activesupport (6.1.3) lib/active_support/cache/strategy/local_cache_middleware.rb:29:in `call'
actionpack (6.1.3) lib/action_dispatch/middleware/executor.rb:14:in `call'
actionpack (6.1.3) lib/action_dispatch/middleware/static.rb:24:in `call'
rack (2.2.3) lib/rack/sendfile.rb:110:in `call'
actionpack (6.1.3) lib/action_dispatch/middleware/host_authorization.rb:98:in `call'
rack-mini-profiler (2.3.1) lib/mini_profiler/profiler.rb:373:in `call'
webpacker (5.2.1) lib/webpacker/dev_server_proxy.rb:25:in `perform_request'
rack-proxy (0.6.5) lib/rack/proxy.rb:57:in `call'
railties (6.1.3) lib/rails/engine.rb:539:in `call'
puma (5.2.2) lib/puma/configuration.rb:248:in `call'
puma (5.2.2) lib/puma/request.rb:76:in `block in handle_request'
puma (5.2.2) lib/puma/thread_pool.rb:337:in `with_force_shutdown'
puma (5.2.2) lib/puma/request.rb:75:in `handle_request'
puma (5.2.2) lib/puma/server.rb:431:in `process_client'
puma (5.2.2) lib/puma/thread_pool.rb:145:in `block in spawn_thread'
  [1m[35m (0.5ms)[0m  [1m[35mDROP DATABASE IF EXISTS "demo_development"[0m
  [1m[35m (0.1ms)[0m  [1m[35mDROP DATABASE IF EXISTS "demo_test"[0m
  [1m[35m (776.9ms)[0m  [1m[35mCREATE DATABASE "demo_development" ENCODING = 'unicode'[0m
  [1m[35m (542.8ms)[0m  [1m[35mCREATE DATABASE "demo_test" ENCODING = 'unicode'[0m
  [1m[35m (29.1ms)[0m  [1m[35mCREATE TABLE "schema_migrations" ("version" character varying NOT NULL PRIMARY KEY)[0m
  [1m[35m (9.3ms)[0m  [1m[35mCREATE TABLE "ar_internal_metadata" ("key" character varying NOT NULL PRIMARY KEY, "value" character varying, "created_at" timestamp(6) NOT NULL, "updated_at" timestamp(6) NOT NULL)[0m
  [1m[35m (0.5ms)[0m  [1m[34mSELECT pg_try_advisory_lock(4665045258403983075)[0m
  [1m[35m (2.1ms)[0m  [1m[34mSELECT "schema_migrations"."version" FROM "schema_migrations" ORDER BY "schema_migrations"."version" ASC[0m
  [1m[36mActiveRecord::InternalMetadata Load (3.0ms)[0m  [1m[34mSELECT "ar_internal_metadata".* FROM "ar_internal_metadata" WHERE "ar_internal_metadata"."key" = $1 LIMIT $2[0m  [["key", "environment"], ["LIMIT", 1]]
  [1m[36mTRANSACTION (0.3ms)[0m  [1m[35mBEGIN[0m
  [1m[36mActiveRecord::InternalMetadata Create (2.6ms)[0m  [1m[32mINSERT INTO "ar_internal_metadata" ("key", "value", "created_at", "updated_at") VALUES ($1, $2, $3, $4) RETURNING "key"[0m  [["key", "environment"], ["value", "development"], ["created_at", "2021-03-26 16:00:08.515384"], ["updated_at", "2021-03-26 16:00:08.515384"]]
  [1m[36mTRANSACTION (0.7ms)[0m  [1m[35mCOMMIT[0m
  [1m[35m (0.7ms)[0m  [1m[34mSELECT pg_advisory_unlock(4665045258403983075)[0m
  [1m[35m (3.1ms)[0m  [1m[34mSELECT "schema_migrations"."version" FROM "schema_migrations" ORDER BY "schema_migrations"."version" ASC[0m
  [1m[35m (0.2ms)[0m  [1m[34mSELECT pg_try_advisory_lock(4665045258403983075)[0m
  [1m[35m (1.2ms)[0m  [1m[34mSELECT "schema_migrations"."version" FROM "schema_migrations" ORDER BY "schema_migrations"."version" ASC[0m
  [1m[36mActiveRecord::InternalMetadata Load (2.3ms)[0m  [1m[34mSELECT "ar_internal_metadata".* FROM "ar_internal_metadata" WHERE "ar_internal_metadata"."key" = $1 LIMIT $2[0m  [["key", "environment"], ["LIMIT", 1]]
  [1m[35m (0.5ms)[0m  [1m[34mSELECT pg_advisory_unlock(4665045258403983075)[0m
  [1m[35m (1.3ms)[0m  [1m[34mSELECT "schema_migrations"."version" FROM "schema_migrations" ORDER BY "schema_migrations"."version" ASC[0m
  [1m[35m (5.1ms)[0m  [1m[35mCREATE DATABASE "demo_development" ENCODING = 'unicode'[0m
  [1m[35m (2.8ms)[0m  [1m[35mCREATE DATABASE "demo_test" ENCODING = 'unicode'[0m
Started GET "/" for 127.0.0.1 at 2021-03-26 23:09:48 +0700
  [1m[35m (2.4ms)[0m  [1m[34mSELECT "schema_migrations"."version" FROM "schema_migrations" ORDER BY "schema_migrations"."version" ASC[0m
Processing by ProductsController#index as HTML
Completed 401 Unauthorized in 224ms (ActiveRecord: 0.0ms | Allocations: 3009)


Started GET "/admins/sign_in" for 127.0.0.1 at 2021-03-26 23:09:49 +0700
Processing by Devise::SessionsController#new as HTML
Completed 500 Internal Server Error in 35ms (ActiveRecord: 8.7ms | Allocations: 1933)


  
ActiveRecord::StatementInvalid (PG::UndefinedTable: ERROR:  relation "admins" does not exist
LINE 8:  WHERE a.attrelid = '"admins"'::regclass
                            ^
):
  
rack-mini-profiler (2.3.1) lib/patches/db/pg.rb:113:in `exec'
rack-mini-profiler (2.3.1) lib/patches/db/pg.rb:113:in `async_exec'
activerecord (6.1.3) lib/active_record/connection_adapters/postgresql/database_statements.rb:19:in `block (2 levels) in query'
activesupport (6.1.3) lib/active_support/dependencies/interlock.rb:48:in `block in permit_concurrent_loads'
activesupport (6.1.3) lib/active_support/concurrency/share_lock.rb:187:in `yield_shares'
activesupport (6.1.3) lib/active_support/dependencies/interlock.rb:47:in `permit_concurrent_loads'
activerecord (6.1.3) lib/active_record/connection_adapters/postgresql/database_statements.rb:18:in `block in query'
activerecord (6.1.3) lib/active_record/connection_adapters/abstract_adapter.rb:696:in `block (2 levels) in log'
activesupport (6.1.3) lib/active_support/concurrency/load_interlock_aware_monitor.rb:26:in `block (2 levels) in synchronize'
activesupport (6.1.3) lib/active_support/concurrency/load_interlock_aware_monitor.rb:25:in `handle_interrupt'
activesupport (6.1.3) lib/active_support/concurrency/load_interlock_aware_monitor.rb:25:in `block in synchronize'
activesupport (6.1.3) lib/active_support/concurrency/load_interlock_aware_monitor.rb:21:in `handle_interrupt'
activesupport (6.1.3) lib/active_support/concurrency/load_interlock_aware_monitor.rb:21:in `synchronize'
activerecord (6.1.3) lib/active_record/connection_adapters/abstract_adapter.rb:695:in `block in log'
activesupport (6.1.3) lib/active_support/notifications/instrumenter.rb:24:in `instrument'
activerecord (6.1.3) lib/active_record/connection_adapters/abstract_adapter.rb:687:in `log'
activerecord (6.1.3) lib/active_record/connection_adapters/postgresql/database_statements.rb:17:in `query'
activerecord (6.1.3) lib/active_record/connection_adapters/postgresql_adapter.rb:820:in `column_definitions'
activerecord (6.1.3) lib/active_record/connection_adapters/abstract/schema_statements.rb:116:in `columns'
activerecord (6.1.3) lib/active_record/connection_adapters/schema_cache.rb:104:in `block in columns'
activerecord (6.1.3) lib/active_record/connection_adapters/schema_cache.rb:103:in `fetch'
activerecord (6.1.3) lib/active_record/connection_adapters/schema_cache.rb:103:in `columns'
activerecord (6.1.3) lib/active_record/connection_adapters/schema_cache.rb:112:in `block in columns_hash'
activerecord (6.1.3) lib/active_record/connection_adapters/schema_cache.rb:111:in `fetch'
activerecord (6.1.3) lib/active_record/connection_adapters/schema_cache.rb:111:in `columns_hash'
activerecord (6.1.3) lib/active_record/model_schema.rb:553:in `load_schema!'
activerecord (6.1.3) lib/active_record/attributes.rb:250:in `load_schema!'
activerecord (6.1.3) lib/active_record/model_schema.rb:539:in `block in load_schema'
C:/Ruby26-x64/lib/ruby/2.6.0/monitor.rb:235:in `mon_synchronize'
activerecord (6.1.3) lib/active_record/model_schema.rb:536:in `load_schema'
activerecord (6.1.3) lib/active_record/model_schema.rb:402:in `attribute_types'
activerecord (6.1.3) lib/active_record/attribute_methods.rb:187:in `_has_attribute?'
activerecord (6.1.3) lib/active_record/inheritance.rb:57:in `new'
devise (4.7.3) app/controllers/devise/sessions_controller.rb:11:in `new'
actionpack (6.1.3) lib/action_controller/metal/basic_implicit_render.rb:6:in `send_action'
actionpack (6.1.3) lib/abstract_controller/base.rb:228:in `process_action'
actionpack (6.1.3) lib/action_controller/metal/rendering.rb:30:in `process_action'
actionpack (6.1.3) lib/abstract_controller/callbacks.rb:42:in `block in process_action'
activesupport (6.1.3) lib/active_support/callbacks.rb:117:in `block in run_callbacks'
actiontext (6.1.3) lib/action_text/rendering.rb:20:in `with_renderer'
actiontext (6.1.3) lib/action_text/engine.rb:55:in `block (4 levels) in <class:Engine>'
activesupport (6.1.3) lib/active_support/callbacks.rb:126:in `instance_exec'
activesupport (6.1.3) lib/active_support/callbacks.rb:126:in `block in run_callbacks'
activesupport (6.1.3) lib/active_support/callbacks.rb:137:in `run_callbacks'
actionpack (6.1.3) lib/abstract_controller/callbacks.rb:41:in `process_action'
actionpack (6.1.3) lib/action_controller/metal/rescue.rb:22:in `process_action'
actionpack (6.1.3) lib/action_controller/metal/instrumentation.rb:34:in `block in process_action'
activesupport (6.1.3) lib/active_support/notifications.rb:203:in `block in instrument'
activesupport (6.1.3) lib/active_support/notifications/instrumenter.rb:24:in `instrument'
activesupport (6.1.3) lib/active_support/notifications.rb:203:in `instrument'
actionpack (6.1.3) lib/action_controller/metal/instrumentation.rb:33:in `process_action'
actionpack (6.1.3) lib/action_controller/metal/params_wrapper.rb:249:in `process_action'
activerecord (6.1.3) lib/active_record/railties/controller_runtime.rb:27:in `process_action'
actionpack (6.1.3) lib/abstract_controller/base.rb:165:in `process'
actionview (6.1.3) lib/action_view/rendering.rb:39:in `process'
actionpack (6.1.3) lib/action_controller/metal.rb:190:in `dispatch'
actionpack (6.1.3) lib/action_controller/metal.rb:254:in `dispatch'
actionpack (6.1.3) lib/action_dispatch/routing/route_set.rb:50:in `dispatch'
actionpack (6.1.3) lib/action_dispatch/routing/route_set.rb:33:in `serve'
actionpack (6.1.3) lib/action_dispatch/routing/mapper.rb:19:in `block in <class:Constraints>'
actionpack (6.1.3) lib/action_dispatch/routing/mapper.rb:49:in `serve'
actionpack (6.1.3) lib/action_dispatch/journey/router.rb:50:in `block in serve'
actionpack (6.1.3) lib/action_dispatch/journey/router.rb:32:in `each'
actionpack (6.1.3) lib/action_dispatch/journey/router.rb:32:in `serve'
actionpack (6.1.3) lib/action_dispatch/routing/route_set.rb:842:in `call'
warden (1.2.9) lib/warden/manager.rb:36:in `block in call'
warden (1.2.9) lib/warden/manager.rb:34:in `catch'
warden (1.2.9) lib/warden/manager.rb:34:in `call'
rack (2.2.3) lib/rack/tempfile_reaper.rb:15:in `call'
rack (2.2.3) lib/rack/etag.rb:27:in `call'
rack (2.2.3) lib/rack/conditional_get.rb:27:in `call'
rack (2.2.3) lib/rack/head.rb:12:in `call'
actionpack (6.1.3) lib/action_dispatch/http/permissions_policy.rb:22:in `call'
actionpack (6.1.3) lib/action_dispatch/http/content_security_policy.rb:18:in `call'
rack (2.2.3) lib/rack/session/abstract/id.rb:266:in `context'
rack (2.2.3) lib/rack/session/abstract/id.rb:260:in `call'
actionpack (6.1.3) lib/action_dispatch/middleware/cookies.rb:689:in `call'
activerecord (6.1.3) lib/active_record/migration.rb:601:in `call'
actionpack (6.1.3) lib/action_dispatch/middleware/callbacks.rb:27:in `block in call'
activesupport (6.1.3) lib/active_support/callbacks.rb:98:in `run_callbacks'
actionpack (6.1.3) lib/action_dispatch/middleware/callbacks.rb:26:in `call'
actionpack (6.1.3) lib/action_dispatch/middleware/executor.rb:14:in `call'
actionpack (6.1.3) lib/action_dispatch/middleware/actionable_exceptions.rb:18:in `call'
actionpack (6.1.3) lib/action_dispatch/middleware/debug_exceptions.rb:29:in `call'
web-console (4.1.0) lib/web_console/middleware.rb:132:in `call_app'
web-console (4.1.0) lib/web_console/middleware.rb:28:in `block in call'
web-console (4.1.0) lib/web_console/middleware.rb:17:in `catch'
web-console (4.1.0) lib/web_console/middleware.rb:17:in `call'
actionpack (6.1.3) lib/action_dispatch/middleware/show_exceptions.rb:33:in `call'
railties (6.1.3) lib/rails/rack/logger.rb:37:in `call_app'
railties (6.1.3) lib/rails/rack/logger.rb:26:in `block in call'
activesupport (6.1.3) lib/active_support/tagged_logging.rb:99:in `block in tagged'
activesupport (6.1.3) lib/active_support/tagged_logging.rb:37:in `tagged'
activesupport (6.1.3) lib/active_support/tagged_logging.rb:99:in `tagged'
railties (6.1.3) lib/rails/rack/logger.rb:26:in `call'
sprockets-rails (3.2.2) lib/sprockets/rails/quiet_assets.rb:13:in `call'
actionpack (6.1.3) lib/action_dispatch/middleware/remote_ip.rb:81:in `call'
actionpack (6.1.3) lib/action_dispatch/middleware/request_id.rb:26:in `call'
rack (2.2.3) lib/rack/method_override.rb:24:in `call'
rack (2.2.3) lib/rack/runtime.rb:22:in `call'
activesupport (6.1.3) lib/active_support/cache/strategy/local_cache_middleware.rb:29:in `call'
actionpack (6.1.3) lib/action_dispatch/middleware/executor.rb:14:in `call'
actionpack (6.1.3) lib/action_dispatch/middleware/static.rb:24:in `call'
rack (2.2.3) lib/rack/sendfile.rb:110:in `call'
actionpack (6.1.3) lib/action_dispatch/middleware/host_authorization.rb:98:in `call'
rack-mini-profiler (2.3.1) lib/mini_profiler/profiler.rb:373:in `call'
webpacker (5.2.1) lib/webpacker/dev_server_proxy.rb:25:in `perform_request'
rack-proxy (0.6.5) lib/rack/proxy.rb:57:in `call'
railties (6.1.3) lib/rails/engine.rb:539:in `call'
puma (5.2.2) lib/puma/configuration.rb:248:in `call'
puma (5.2.2) lib/puma/request.rb:76:in `block in handle_request'
puma (5.2.2) lib/puma/thread_pool.rb:337:in `with_force_shutdown'
puma (5.2.2) lib/puma/request.rb:75:in `handle_request'
puma (5.2.2) lib/puma/server.rb:431:in `process_client'
puma (5.2.2) lib/puma/thread_pool.rb:145:in `block in spawn_thread'
